running develop
Removing /home/meligy198/learning_tf2_py/install/learning_tf2_py/lib/python3.10/site-packages/learning-tf2-py.egg-link (link to .)
running egg_info
writing build/learning_tf2_py/learning_tf2_py.egg-info/PKG-INFO
writing dependency_links to build/learning_tf2_py/learning_tf2_py.egg-info/dependency_links.txt
writing entry points to build/learning_tf2_py/learning_tf2_py.egg-info/entry_points.txt
writing requirements to build/learning_tf2_py/learning_tf2_py.egg-info/requires.txt
writing top-level names to build/learning_tf2_py/learning_tf2_py.egg-info/top_level.txt
reading manifest file 'build/learning_tf2_py/learning_tf2_py.egg-info/SOURCES.txt'
writing manifest file 'build/learning_tf2_py/learning_tf2_py.egg-info/SOURCES.txt'
running build
running build_py
copying learning_tf2_py/turtle_tf2_listener.py -> /home/meligy198/learning_tf2_py/build/learning_tf2_py/build/lib/learning_tf2_py
copying learning_tf2_py/turtle_tf2_broadcaster.py -> /home/meligy198/learning_tf2_py/build/learning_tf2_py/build/lib/learning_tf2_py
running install
running install_lib
creating /home/meligy198/learning_tf2_py/install/learning_tf2_py/lib/python3.10/site-packages/learning_tf2_py
copying /home/meligy198/learning_tf2_py/build/learning_tf2_py/build/lib/learning_tf2_py/__init__.py -> /home/meligy198/learning_tf2_py/install/learning_tf2_py/lib/python3.10/site-packages/learning_tf2_py
copying /home/meligy198/learning_tf2_py/build/learning_tf2_py/build/lib/learning_tf2_py/static_turtle_tf2_broadcaster.py -> /home/meligy198/learning_tf2_py/install/learning_tf2_py/lib/python3.10/site-packages/learning_tf2_py
copying /home/meligy198/learning_tf2_py/build/learning_tf2_py/build/lib/learning_tf2_py/turtle_tf2_listener.py -> /home/meligy198/learning_tf2_py/install/learning_tf2_py/lib/python3.10/site-packages/learning_tf2_py
copying /home/meligy198/learning_tf2_py/build/learning_tf2_py/build/lib/learning_tf2_py/turtle_tf2_broadcaster.py -> /home/meligy198/learning_tf2_py/install/learning_tf2_py/lib/python3.10/site-packages/learning_tf2_py
byte-compiling /home/meligy198/learning_tf2_py/install/learning_tf2_py/lib/python3.10/site-packages/learning_tf2_py/__init__.py to __init__.cpython-310.pyc
byte-compiling /home/meligy198/learning_tf2_py/install/learning_tf2_py/lib/python3.10/site-packages/learning_tf2_py/static_turtle_tf2_broadcaster.py to static_turtle_tf2_broadcaster.cpython-310.pyc
byte-compiling /home/meligy198/learning_tf2_py/install/learning_tf2_py/lib/python3.10/site-packages/learning_tf2_py/turtle_tf2_listener.py to turtle_tf2_listener.cpython-310.pyc
byte-compiling /home/meligy198/learning_tf2_py/install/learning_tf2_py/lib/python3.10/site-packages/learning_tf2_py/turtle_tf2_broadcaster.py to turtle_tf2_broadcaster.cpython-310.pyc
running install_data
running install_egg_info
Copying build/learning_tf2_py/learning_tf2_py.egg-info to /home/meligy198/learning_tf2_py/install/learning_tf2_py/lib/python3.10/site-packages/learning_tf2_py-0.0.0-py3.10.egg-info
running install_scripts
Installing static_turtle_tf2_broadcaster script to /home/meligy198/learning_tf2_py/install/learning_tf2_py/lib/learning_tf2_py
Installing turtle_tf2_broadcaster script to /home/meligy198/learning_tf2_py/install/learning_tf2_py/lib/learning_tf2_py
writing list of installed files to '/home/meligy198/learning_tf2_py/build/learning_tf2_py/install.log'
