[0.494s] Invoking command in '/home/meligy198/learning_tf2_py/build/learning_tf2_py': PYTHONPATH=/home/meligy198/learning_tf2_py/install/learning_tf2_py/lib/python3.10/site-packages:${PYTHONPATH} /usr/bin/python3 setup.py develop --prefix /home/meligy198/learning_tf2_py/install/learning_tf2_py --uninstall --editable --build-directory /home/meligy198/learning_tf2_py/build/learning_tf2_py/build
[0.703s] running develop
[0.822s] Removing /home/meligy198/learning_tf2_py/install/learning_tf2_py/lib/python3.10/site-packages/learning-tf2-py.egg-link (link to .)
[0.850s] Invoked command in '/home/meligy198/learning_tf2_py/build/learning_tf2_py' returned '0': PYTHONPATH=/home/meligy198/learning_tf2_py/install/learning_tf2_py/lib/python3.10/site-packages:${PYTHONPATH} /usr/bin/python3 setup.py develop --prefix /home/meligy198/learning_tf2_py/install/learning_tf2_py --uninstall --editable --build-directory /home/meligy198/learning_tf2_py/build/learning_tf2_py/build
[0.851s] Invoking command in '/home/meligy198/learning_tf2_py': PYTHONPATH=/home/meligy198/learning_tf2_py/install/learning_tf2_py/lib/python3.10/site-packages:${PYTHONPATH} /usr/bin/python3 setup.py egg_info --egg-base build/learning_tf2_py build --build-base /home/meligy198/learning_tf2_py/build/learning_tf2_py/build install --prefix /home/meligy198/learning_tf2_py/install/learning_tf2_py --record /home/meligy198/learning_tf2_py/build/learning_tf2_py/install.log --single-version-externally-managed
[1.046s] running egg_info
[1.046s] writing build/learning_tf2_py/learning_tf2_py.egg-info/PKG-INFO
[1.047s] writing dependency_links to build/learning_tf2_py/learning_tf2_py.egg-info/dependency_links.txt
[1.047s] writing entry points to build/learning_tf2_py/learning_tf2_py.egg-info/entry_points.txt
[1.048s] writing requirements to build/learning_tf2_py/learning_tf2_py.egg-info/requires.txt
[1.048s] writing top-level names to build/learning_tf2_py/learning_tf2_py.egg-info/top_level.txt
[1.050s] reading manifest file 'build/learning_tf2_py/learning_tf2_py.egg-info/SOURCES.txt'
[1.050s] writing manifest file 'build/learning_tf2_py/learning_tf2_py.egg-info/SOURCES.txt'
[1.051s] running build
[1.051s] running build_py
[1.152s] copying learning_tf2_py/turtle_tf2_listener.py -> /home/meligy198/learning_tf2_py/build/learning_tf2_py/build/lib/learning_tf2_py
[1.153s] copying learning_tf2_py/turtle_tf2_broadcaster.py -> /home/meligy198/learning_tf2_py/build/learning_tf2_py/build/lib/learning_tf2_py
[1.153s] running install
[1.154s] running install_lib
[1.155s] creating /home/meligy198/learning_tf2_py/install/learning_tf2_py/lib/python3.10/site-packages/learning_tf2_py
[1.155s] copying /home/meligy198/learning_tf2_py/build/learning_tf2_py/build/lib/learning_tf2_py/__init__.py -> /home/meligy198/learning_tf2_py/install/learning_tf2_py/lib/python3.10/site-packages/learning_tf2_py
[1.155s] copying /home/meligy198/learning_tf2_py/build/learning_tf2_py/build/lib/learning_tf2_py/static_turtle_tf2_broadcaster.py -> /home/meligy198/learning_tf2_py/install/learning_tf2_py/lib/python3.10/site-packages/learning_tf2_py
[1.155s] copying /home/meligy198/learning_tf2_py/build/learning_tf2_py/build/lib/learning_tf2_py/turtle_tf2_listener.py -> /home/meligy198/learning_tf2_py/install/learning_tf2_py/lib/python3.10/site-packages/learning_tf2_py
[1.156s] copying /home/meligy198/learning_tf2_py/build/learning_tf2_py/build/lib/learning_tf2_py/turtle_tf2_broadcaster.py -> /home/meligy198/learning_tf2_py/install/learning_tf2_py/lib/python3.10/site-packages/learning_tf2_py
[1.156s] byte-compiling /home/meligy198/learning_tf2_py/install/learning_tf2_py/lib/python3.10/site-packages/learning_tf2_py/__init__.py to __init__.cpython-310.pyc
[1.157s] byte-compiling /home/meligy198/learning_tf2_py/install/learning_tf2_py/lib/python3.10/site-packages/learning_tf2_py/static_turtle_tf2_broadcaster.py to static_turtle_tf2_broadcaster.cpython-310.pyc
[1.157s] byte-compiling /home/meligy198/learning_tf2_py/install/learning_tf2_py/lib/python3.10/site-packages/learning_tf2_py/turtle_tf2_listener.py to turtle_tf2_listener.cpython-310.pyc
[1.158s] byte-compiling /home/meligy198/learning_tf2_py/install/learning_tf2_py/lib/python3.10/site-packages/learning_tf2_py/turtle_tf2_broadcaster.py to turtle_tf2_broadcaster.cpython-310.pyc
[1.158s] running install_data
[1.159s] running install_egg_info
[1.160s] Copying build/learning_tf2_py/learning_tf2_py.egg-info to /home/meligy198/learning_tf2_py/install/learning_tf2_py/lib/python3.10/site-packages/learning_tf2_py-0.0.0-py3.10.egg-info
[1.161s] running install_scripts
[1.176s] Installing static_turtle_tf2_broadcaster script to /home/meligy198/learning_tf2_py/install/learning_tf2_py/lib/learning_tf2_py
[1.177s] Installing turtle_tf2_broadcaster script to /home/meligy198/learning_tf2_py/install/learning_tf2_py/lib/learning_tf2_py
[1.177s] writing list of installed files to '/home/meligy198/learning_tf2_py/build/learning_tf2_py/install.log'
[1.204s] Invoked command in '/home/meligy198/learning_tf2_py' returned '0': PYTHONPATH=/home/meligy198/learning_tf2_py/install/learning_tf2_py/lib/python3.10/site-packages:${PYTHONPATH} /usr/bin/python3 setup.py egg_info --egg-base build/learning_tf2_py build --build-base /home/meligy198/learning_tf2_py/build/learning_tf2_py/build install --prefix /home/meligy198/learning_tf2_py/install/learning_tf2_py --record /home/meligy198/learning_tf2_py/build/learning_tf2_py/install.log --single-version-externally-managed
