[0.169s] DEBUG:colcon:Command line arguments: ['/usr/bin/colcon', 'build', '--symlink-install']
[0.169s] DEBUG:colcon:Parsed command line arguments: Namespace(log_base=None, log_level=None, verb_name='build', build_base='build', install_base='install', merge_install=False, symlink_install=True, test_result_base=None, continue_on_error=False, executor='parallel', parallel_workers=2, event_handlers=None, ignore_user_meta=False, metas=['./colcon.meta'], base_paths=['.'], packages_ignore=None, packages_ignore_regex=None, paths=None, packages_up_to=None, packages_up_to_regex=None, packages_above=None, packages_above_and_dependencies=None, packages_above_depth=None, packages_select_by_dep=None, packages_skip_by_dep=None, packages_skip_up_to=None, packages_select_build_failed=False, packages_skip_build_finished=False, packages_select_test_failures=False, packages_skip_test_passed=False, packages_select=None, packages_skip=None, packages_select_regex=None, packages_skip_regex=None, packages_start=None, packages_end=None, allow_overriding=[], cmake_args=None, cmake_target=None, cmake_target_skip_unavailable=False, cmake_clean_cache=False, cmake_clean_first=False, cmake_force_configure=False, ament_cmake_args=None, catkin_cmake_args=None, catkin_skip_building_tests=False, verb_parser=<colcon_defaults.argument_parser.defaults.DefaultArgumentsDecorator object at 0x7fbc8199d450>, verb_extension=<colcon_core.verb.build.BuildVerb object at 0x7fbc8199cee0>, main=<bound method BuildVerb.main of <colcon_core.verb.build.BuildVerb object at 0x7fbc8199cee0>>)
[0.207s] Level 1:colcon.colcon_core.package_discovery:discover_packages(colcon_meta) check parameters
[0.207s] Level 1:colcon.colcon_core.package_discovery:discover_packages(recursive) check parameters
[0.207s] Level 1:colcon.colcon_core.package_discovery:discover_packages(ignore) check parameters
[0.207s] Level 1:colcon.colcon_core.package_discovery:discover_packages(path) check parameters
[0.208s] Level 1:colcon.colcon_core.package_discovery:discover_packages(colcon_meta) discover
[0.208s] Level 1:colcon.colcon_core.package_discovery:discover_packages(recursive) discover
[0.208s] INFO:colcon.colcon_core.package_discovery:Crawling recursively for packages in '/home/meligy198/learning_tf2_py'
[0.208s] Level 1:colcon.colcon_core.package_identification:_identify(.) by extensions ['ignore', 'ignore_ament_install']
[0.208s] Level 1:colcon.colcon_core.package_identification:_identify(.) by extension 'ignore'
[0.208s] Level 1:colcon.colcon_core.package_identification:_identify(.) by extension 'ignore_ament_install'
[0.209s] Level 1:colcon.colcon_core.package_identification:_identify(.) by extensions ['colcon_pkg']
[0.209s] Level 1:colcon.colcon_core.package_identification:_identify(.) by extension 'colcon_pkg'
[0.209s] Level 1:colcon.colcon_core.package_identification:_identify(.) by extensions ['colcon_meta']
[0.209s] Level 1:colcon.colcon_core.package_identification:_identify(.) by extension 'colcon_meta'
[0.209s] Level 1:colcon.colcon_core.package_identification:_identify(.) by extensions ['ros']
[0.209s] Level 1:colcon.colcon_core.package_identification:_identify(.) by extension 'ros'
[0.224s] DEBUG:colcon.colcon_core.package_identification:Package '.' with type 'ros.ament_python' and name 'learning_tf2_py'
[0.224s] Level 1:colcon.colcon_core.package_discovery:discover_packages(recursive) using defaults
[0.224s] Level 1:colcon.colcon_core.package_discovery:discover_packages(ignore) discover
[0.224s] Level 1:colcon.colcon_core.package_discovery:discover_packages(ignore) using defaults
[0.224s] Level 1:colcon.colcon_core.package_discovery:discover_packages(path) discover
[0.225s] Level 1:colcon.colcon_core.package_discovery:discover_packages(path) using defaults
[0.254s] Level 1:colcon.colcon_core.package_discovery:discover_packages(prefix_path) check parameters
[0.254s] Level 1:colcon.colcon_core.package_discovery:discover_packages(prefix_path) discover
[0.261s] DEBUG:colcon.colcon_installed_package_information.package_discovery:Found 1 installed packages in /home/meligy198/learning_tf2_py/install
[0.263s] DEBUG:colcon.colcon_installed_package_information.package_discovery:Found 29 installed packages in /home/meligy198/ros2_ws2/install
[0.264s] DEBUG:colcon.colcon_installed_package_information.package_discovery:Found 3 installed packages in /home/meligy198/ros2_ws/install
[0.267s] DEBUG:colcon.colcon_installed_package_information.package_discovery:Found 238 installed packages in /opt/ros/humble
[0.269s] Level 1:colcon.colcon_core.package_discovery:discover_packages(prefix_path) using defaults
[0.331s] Level 5:colcon.colcon_core.verb:set package 'learning_tf2_py' build argument 'cmake_args' from command line to 'None'
[0.331s] Level 5:colcon.colcon_core.verb:set package 'learning_tf2_py' build argument 'cmake_target' from command line to 'None'
[0.331s] Level 5:colcon.colcon_core.verb:set package 'learning_tf2_py' build argument 'cmake_target_skip_unavailable' from command line to 'False'
[0.331s] Level 5:colcon.colcon_core.verb:set package 'learning_tf2_py' build argument 'cmake_clean_cache' from command line to 'False'
[0.331s] Level 5:colcon.colcon_core.verb:set package 'learning_tf2_py' build argument 'cmake_clean_first' from command line to 'False'
[0.332s] Level 5:colcon.colcon_core.verb:set package 'learning_tf2_py' build argument 'cmake_force_configure' from command line to 'False'
[0.332s] Level 5:colcon.colcon_core.verb:set package 'learning_tf2_py' build argument 'ament_cmake_args' from command line to 'None'
[0.332s] Level 5:colcon.colcon_core.verb:set package 'learning_tf2_py' build argument 'catkin_cmake_args' from command line to 'None'
[0.332s] Level 5:colcon.colcon_core.verb:set package 'learning_tf2_py' build argument 'catkin_skip_building_tests' from command line to 'False'
[0.332s] DEBUG:colcon.colcon_core.verb:Building package 'learning_tf2_py' with the following arguments: {'ament_cmake_args': None, 'build_base': '/home/meligy198/learning_tf2_py/build/learning_tf2_py', 'catkin_cmake_args': None, 'catkin_skip_building_tests': False, 'cmake_args': None, 'cmake_clean_cache': False, 'cmake_clean_first': False, 'cmake_force_configure': False, 'cmake_target': None, 'cmake_target_skip_unavailable': False, 'install_base': '/home/meligy198/learning_tf2_py/install/learning_tf2_py', 'merge_install': False, 'path': '/home/meligy198/learning_tf2_py', 'symlink_install': True, 'test_result_base': None}
[0.333s] INFO:colcon.colcon_core.executor:Executing jobs using 'parallel' executor
[0.336s] DEBUG:colcon.colcon_parallel_executor.executor.parallel:run_until_complete
[0.337s] INFO:colcon.colcon_ros.task.ament_python.build:Building ROS package in '/home/meligy198/learning_tf2_py' with build type 'ament_python'
[0.337s] Level 1:colcon.colcon_core.shell:create_environment_hook('learning_tf2_py', 'ament_prefix_path')
[0.343s] INFO:colcon.colcon_core.plugin_system:Skipping extension 'colcon_core.shell.bat': Not used on non-Windows systems
[0.343s] INFO:colcon.colcon_core.shell:Creating environment hook '/home/meligy198/learning_tf2_py/install/learning_tf2_py/share/learning_tf2_py/hook/ament_prefix_path.ps1'
[0.344s] INFO:colcon.colcon_core.shell:Creating environment descriptor '/home/meligy198/learning_tf2_py/install/learning_tf2_py/share/learning_tf2_py/hook/ament_prefix_path.dsv'
[0.345s] INFO:colcon.colcon_core.shell:Creating environment hook '/home/meligy198/learning_tf2_py/install/learning_tf2_py/share/learning_tf2_py/hook/ament_prefix_path.sh'
[0.347s] INFO:colcon.colcon_core.shell:Skip shell extension 'powershell' for command environment: Not usable outside of PowerShell
[0.348s] DEBUG:colcon.colcon_core.shell:Skip shell extension 'dsv' for command environment
[0.718s] INFO:colcon.colcon_core.task.python.build:Building Python package in '/home/meligy198/learning_tf2_py'
[0.719s] INFO:colcon.colcon_core.shell:Skip shell extension 'powershell' for command environment: Not usable outside of PowerShell
[0.719s] DEBUG:colcon.colcon_core.shell:Skip shell extension 'dsv' for command environment
[1.209s] DEBUG:colcon.colcon_core.task.python.build:While undoing a previous installation files outside the Python library path are being ignored: /home/meligy198/learning_tf2_py/install/learning_tf2_py/share/ament_index/resource_index/packages/learning_tf2_py
[1.209s] DEBUG:colcon.colcon_core.task.python.build:While undoing a previous installation files outside the Python library path are being ignored: /home/meligy198/learning_tf2_py/install/learning_tf2_py/share/learning_tf2_py/package.xml
[1.209s] DEBUG:colcon.colcon_core.task.python.build:While undoing a previous installation files outside the Python library path are being ignored: /home/meligy198/learning_tf2_py/install/learning_tf2_py/share/learning_tf2_py/launch/turtle_tf2_demo.launch.py
[1.210s] DEBUG:colcon.colcon_core.task.python.build:While undoing a previous installation files outside the Python library path are being ignored: /home/meligy198/learning_tf2_py/install/learning_tf2_py/lib/learning_tf2_py/static_turtle_tf2_broadcaster
[1.210s] DEBUG:colcon.colcon_core.task.python.build:While undoing a previous installation files outside the Python library path are being ignored: /home/meligy198/learning_tf2_py/install/learning_tf2_py/lib/learning_tf2_py/turtle_tf2_broadcaster
[1.213s] DEBUG:colcon.colcon_core.event_handler.log_command:Invoking command in '/home/meligy198/learning_tf2_py/build/learning_tf2_py': PYTHONPATH=/home/meligy198/learning_tf2_py/install/learning_tf2_py/lib/python3.10/site-packages:${PYTHONPATH} /usr/bin/python3 setup.py develop --prefix /home/meligy198/learning_tf2_py/install/learning_tf2_py --editable --build-directory /home/meligy198/learning_tf2_py/build/learning_tf2_py/build --no-deps install_data --install-dir /home/meligy198/learning_tf2_py/install/learning_tf2_py
[1.948s] Level 1:colcon.colcon_core.shell:create_environment_hook('learning_tf2_py', 'pythonpath_develop')
[1.949s] DEBUG:colcon.colcon_core.event_handler.log_command:Invoked command in '/home/meligy198/learning_tf2_py/build/learning_tf2_py' returned '0': PYTHONPATH=/home/meligy198/learning_tf2_py/install/learning_tf2_py/lib/python3.10/site-packages:${PYTHONPATH} /usr/bin/python3 setup.py develop --prefix /home/meligy198/learning_tf2_py/install/learning_tf2_py --editable --build-directory /home/meligy198/learning_tf2_py/build/learning_tf2_py/build --no-deps install_data --install-dir /home/meligy198/learning_tf2_py/install/learning_tf2_py
[1.950s] INFO:colcon.colcon_core.shell:Creating environment hook '/home/meligy198/learning_tf2_py/build/learning_tf2_py/share/learning_tf2_py/hook/pythonpath_develop.ps1'
[1.952s] INFO:colcon.colcon_core.shell:Creating environment descriptor '/home/meligy198/learning_tf2_py/build/learning_tf2_py/share/learning_tf2_py/hook/pythonpath_develop.dsv'
[1.952s] INFO:colcon.colcon_core.shell:Creating environment hook '/home/meligy198/learning_tf2_py/build/learning_tf2_py/share/learning_tf2_py/hook/pythonpath_develop.sh'
[1.959s] Level 1:colcon.colcon_core.environment:checking '/home/meligy198/learning_tf2_py/install/learning_tf2_py' for CMake module files
[1.959s] Level 1:colcon.colcon_core.environment:checking '/home/meligy198/learning_tf2_py/install/learning_tf2_py' for CMake config files
[1.960s] Level 1:colcon.colcon_core.environment:checking '/home/meligy198/learning_tf2_py/install/learning_tf2_py/lib'
[1.960s] Level 1:colcon.colcon_core.environment:checking '/home/meligy198/learning_tf2_py/install/learning_tf2_py/bin'
[1.961s] Level 1:colcon.colcon_core.environment:checking '/home/meligy198/learning_tf2_py/install/learning_tf2_py/lib/pkgconfig/learning_tf2_py.pc'
[1.961s] Level 1:colcon.colcon_core.environment:checking '/home/meligy198/learning_tf2_py/install/learning_tf2_py/lib/python3.10/site-packages'
[1.962s] Level 1:colcon.colcon_core.shell:create_environment_hook('learning_tf2_py', 'pythonpath')
[1.963s] INFO:colcon.colcon_core.shell:Creating environment hook '/home/meligy198/learning_tf2_py/install/learning_tf2_py/share/learning_tf2_py/hook/pythonpath.ps1'
[1.964s] INFO:colcon.colcon_core.shell:Creating environment descriptor '/home/meligy198/learning_tf2_py/install/learning_tf2_py/share/learning_tf2_py/hook/pythonpath.dsv'
[1.965s] INFO:colcon.colcon_core.shell:Creating environment hook '/home/meligy198/learning_tf2_py/install/learning_tf2_py/share/learning_tf2_py/hook/pythonpath.sh'
[1.966s] Level 1:colcon.colcon_core.environment:checking '/home/meligy198/learning_tf2_py/install/learning_tf2_py/bin'
[1.966s] Level 1:colcon.colcon_core.environment:create_environment_scripts_only(learning_tf2_py)
[1.967s] INFO:colcon.colcon_core.shell:Creating package script '/home/meligy198/learning_tf2_py/install/learning_tf2_py/share/learning_tf2_py/package.ps1'
[1.968s] INFO:colcon.colcon_core.shell:Creating package descriptor '/home/meligy198/learning_tf2_py/install/learning_tf2_py/share/learning_tf2_py/package.dsv'
[1.971s] INFO:colcon.colcon_core.shell:Creating package script '/home/meligy198/learning_tf2_py/install/learning_tf2_py/share/learning_tf2_py/package.sh'
[1.972s] INFO:colcon.colcon_core.shell:Creating package script '/home/meligy198/learning_tf2_py/install/learning_tf2_py/share/learning_tf2_py/package.bash'
[1.973s] INFO:colcon.colcon_core.shell:Creating package script '/home/meligy198/learning_tf2_py/install/learning_tf2_py/share/learning_tf2_py/package.zsh'
[1.974s] Level 1:colcon.colcon_core.environment:create_file_with_runtime_dependencies(/home/meligy198/learning_tf2_py/install/learning_tf2_py/share/colcon-core/packages/learning_tf2_py)
[1.975s] DEBUG:colcon.colcon_parallel_executor.executor.parallel:closing loop
[1.976s] DEBUG:colcon.colcon_parallel_executor.executor.parallel:loop closed
[1.976s] DEBUG:colcon.colcon_parallel_executor.executor.parallel:run_until_complete finished with '0'
[1.976s] DEBUG:colcon.colcon_core.event_reactor:joining thread
[1.989s] INFO:colcon.colcon_core.plugin_system:Skipping extension 'colcon_notification.desktop_notification.terminal_notifier': Not used on non-Darwin systems
[1.989s] INFO:colcon.colcon_core.plugin_system:Skipping extension 'colcon_notification.desktop_notification.win32': Not used on non-Windows systems
[1.989s] INFO:colcon.colcon_notification.desktop_notification:Sending desktop notification using 'notify2'
[2.006s] DEBUG:colcon.colcon_core.event_reactor:joined thread
[2.007s] INFO:colcon.colcon_core.shell:Creating prefix script '/home/meligy198/learning_tf2_py/install/local_setup.ps1'
[2.009s] INFO:colcon.colcon_core.shell:Creating prefix util module '/home/meligy198/learning_tf2_py/install/_local_setup_util_ps1.py'
[2.011s] INFO:colcon.colcon_core.shell:Creating prefix chain script '/home/meligy198/learning_tf2_py/install/setup.ps1'
[2.017s] INFO:colcon.colcon_core.shell:Creating prefix script '/home/meligy198/learning_tf2_py/install/local_setup.sh'
[2.019s] INFO:colcon.colcon_core.shell:Creating prefix util module '/home/meligy198/learning_tf2_py/install/_local_setup_util_sh.py'
[2.020s] INFO:colcon.colcon_core.shell:Creating prefix chain script '/home/meligy198/learning_tf2_py/install/setup.sh'
[2.025s] INFO:colcon.colcon_core.shell:Creating prefix script '/home/meligy198/learning_tf2_py/install/local_setup.bash'
[2.027s] INFO:colcon.colcon_core.shell:Creating prefix chain script '/home/meligy198/learning_tf2_py/install/setup.bash'
[2.032s] INFO:colcon.colcon_core.shell:Creating prefix script '/home/meligy198/learning_tf2_py/install/local_setup.zsh'
[2.033s] INFO:colcon.colcon_core.shell:Creating prefix chain script '/home/meligy198/learning_tf2_py/install/setup.zsh'
