[0.916s] Invoking command in '/home/meligy198/learning_tf2_py': PYTHONPATH=/home/meligy198/learning_tf2_py/install/learning_tf2_py/lib/python3.10/site-packages:${PYTHONPATH} /usr/bin/python3 setup.py egg_info --egg-base build/learning_tf2_py build --build-base /home/meligy198/learning_tf2_py/build/learning_tf2_py/build install --prefix /home/meligy198/learning_tf2_py/install/learning_tf2_py --record /home/meligy198/learning_tf2_py/build/learning_tf2_py/install.log --single-version-externally-managed
[1.308s] running egg_info
[1.309s] writing build/learning_tf2_py/learning_tf2_py.egg-info/PKG-INFO
[1.310s] writing dependency_links to build/learning_tf2_py/learning_tf2_py.egg-info/dependency_links.txt
[1.311s] writing entry points to build/learning_tf2_py/learning_tf2_py.egg-info/entry_points.txt
[1.312s] writing requirements to build/learning_tf2_py/learning_tf2_py.egg-info/requires.txt
[1.313s] writing top-level names to build/learning_tf2_py/learning_tf2_py.egg-info/top_level.txt
[1.316s] reading manifest file 'build/learning_tf2_py/learning_tf2_py.egg-info/SOURCES.txt'
[1.318s] writing manifest file 'build/learning_tf2_py/learning_tf2_py.egg-info/SOURCES.txt'
[1.319s] running build
[1.319s] running build_py
[1.320s] copying learning_tf2_py/static_turtle_tf2_broadcaster.py -> /home/meligy198/learning_tf2_py/build/learning_tf2_py/build/lib/learning_tf2_py
[1.321s] copying learning_tf2_py/turtle_tf2_broadcaster.py -> /home/meligy198/learning_tf2_py/build/learning_tf2_py/build/lib/learning_tf2_py
[1.322s] running install
[1.323s] running install_lib
[1.324s] copying /home/meligy198/learning_tf2_py/build/learning_tf2_py/build/lib/learning_tf2_py/static_turtle_tf2_broadcaster.py -> /home/meligy198/learning_tf2_py/install/learning_tf2_py/lib/python3.10/site-packages/learning_tf2_py
[1.325s] copying /home/meligy198/learning_tf2_py/build/learning_tf2_py/build/lib/learning_tf2_py/turtle_tf2_broadcaster.py -> /home/meligy198/learning_tf2_py/install/learning_tf2_py/lib/python3.10/site-packages/learning_tf2_py
[1.327s] byte-compiling /home/meligy198/learning_tf2_py/install/learning_tf2_py/lib/python3.10/site-packages/learning_tf2_py/static_turtle_tf2_broadcaster.py to static_turtle_tf2_broadcaster.cpython-310.pyc
[1.329s] byte-compiling /home/meligy198/learning_tf2_py/install/learning_tf2_py/lib/python3.10/site-packages/learning_tf2_py/turtle_tf2_broadcaster.py to turtle_tf2_broadcaster.cpython-310.pyc
[1.330s] running install_data
[1.331s] creating /home/meligy198/learning_tf2_py/install/learning_tf2_py/share/learning_tf2_py/launch
[1.332s] copying launch/turtle_tf2_demo.launch.py -> /home/meligy198/learning_tf2_py/install/learning_tf2_py/share/learning_tf2_py/launch
[1.333s] running install_egg_info
[1.335s] removing '/home/meligy198/learning_tf2_py/install/learning_tf2_py/lib/python3.10/site-packages/learning_tf2_py-0.0.0-py3.10.egg-info' (and everything under it)
[1.337s] Copying build/learning_tf2_py/learning_tf2_py.egg-info to /home/meligy198/learning_tf2_py/install/learning_tf2_py/lib/python3.10/site-packages/learning_tf2_py-0.0.0-py3.10.egg-info
[1.339s] running install_scripts
[1.366s] Installing static_turtle_tf2_broadcaster script to /home/meligy198/learning_tf2_py/install/learning_tf2_py/lib/learning_tf2_py
[1.367s] Installing turtle_tf2_broadcaster script to /home/meligy198/learning_tf2_py/install/learning_tf2_py/lib/learning_tf2_py
[1.368s] writing list of installed files to '/home/meligy198/learning_tf2_py/build/learning_tf2_py/install.log'
[1.400s] Invoked command in '/home/meligy198/learning_tf2_py' returned '0': PYTHONPATH=/home/meligy198/learning_tf2_py/install/learning_tf2_py/lib/python3.10/site-packages:${PYTHONPATH} /usr/bin/python3 setup.py egg_info --egg-base build/learning_tf2_py build --build-base /home/meligy198/learning_tf2_py/build/learning_tf2_py/build install --prefix /home/meligy198/learning_tf2_py/install/learning_tf2_py --record /home/meligy198/learning_tf2_py/build/learning_tf2_py/install.log --single-version-externally-managed
