[0.966s] Invoking command in '/home/meligy198/learning_tf2_py': PYTHONPATH=/home/meligy198/learning_tf2_py/install/learning_tf2_py/lib/python3.10/site-packages:${PYTHONPATH} /usr/bin/python3 setup.py egg_info --egg-base build/learning_tf2_py build --build-base /home/meligy198/learning_tf2_py/build/learning_tf2_py/build install --prefix /home/meligy198/learning_tf2_py/install/learning_tf2_py --record /home/meligy198/learning_tf2_py/build/learning_tf2_py/install.log --single-version-externally-managed
[1.318s] running egg_info
[1.319s] creating build/learning_tf2_py/learning_tf2_py.egg-info
[1.320s] writing build/learning_tf2_py/learning_tf2_py.egg-info/PKG-INFO
[1.321s] writing dependency_links to build/learning_tf2_py/learning_tf2_py.egg-info/dependency_links.txt
[1.321s] writing entry points to build/learning_tf2_py/learning_tf2_py.egg-info/entry_points.txt
[1.322s] writing requirements to build/learning_tf2_py/learning_tf2_py.egg-info/requires.txt
[1.322s] writing top-level names to build/learning_tf2_py/learning_tf2_py.egg-info/top_level.txt
[1.323s] writing manifest file 'build/learning_tf2_py/learning_tf2_py.egg-info/SOURCES.txt'
[1.324s] reading manifest file 'build/learning_tf2_py/learning_tf2_py.egg-info/SOURCES.txt'
[1.325s] writing manifest file 'build/learning_tf2_py/learning_tf2_py.egg-info/SOURCES.txt'
[1.326s] running build
[1.326s] running build_py
[1.327s] creating /home/meligy198/learning_tf2_py/build/learning_tf2_py/build
[1.327s] creating /home/meligy198/learning_tf2_py/build/learning_tf2_py/build/lib
[1.327s] creating /home/meligy198/learning_tf2_py/build/learning_tf2_py/build/lib/learning_tf2_py
[1.328s] copying learning_tf2_py/__init__.py -> /home/meligy198/learning_tf2_py/build/learning_tf2_py/build/lib/learning_tf2_py
[1.328s] copying learning_tf2_py/static_turtle_tf2_broadcaster.py -> /home/meligy198/learning_tf2_py/build/learning_tf2_py/build/lib/learning_tf2_py
[1.329s] running install
[1.329s] running install_lib
[1.330s] creating /home/meligy198/learning_tf2_py/install/learning_tf2_py/lib/python3.10/site-packages/learning_tf2_py
[1.331s] copying /home/meligy198/learning_tf2_py/build/learning_tf2_py/build/lib/learning_tf2_py/__init__.py -> /home/meligy198/learning_tf2_py/install/learning_tf2_py/lib/python3.10/site-packages/learning_tf2_py
[1.331s] copying /home/meligy198/learning_tf2_py/build/learning_tf2_py/build/lib/learning_tf2_py/static_turtle_tf2_broadcaster.py -> /home/meligy198/learning_tf2_py/install/learning_tf2_py/lib/python3.10/site-packages/learning_tf2_py
[1.333s] byte-compiling /home/meligy198/learning_tf2_py/install/learning_tf2_py/lib/python3.10/site-packages/learning_tf2_py/__init__.py to __init__.cpython-310.pyc
[1.334s] byte-compiling /home/meligy198/learning_tf2_py/install/learning_tf2_py/lib/python3.10/site-packages/learning_tf2_py/static_turtle_tf2_broadcaster.py to static_turtle_tf2_broadcaster.cpython-310.pyc
[1.336s] running install_data
[1.336s] creating /home/meligy198/learning_tf2_py/install/learning_tf2_py/share/ament_index
[1.337s] creating /home/meligy198/learning_tf2_py/install/learning_tf2_py/share/ament_index/resource_index
[1.337s] creating /home/meligy198/learning_tf2_py/install/learning_tf2_py/share/ament_index/resource_index/packages
[1.338s] copying resource/learning_tf2_py -> /home/meligy198/learning_tf2_py/install/learning_tf2_py/share/ament_index/resource_index/packages
[1.338s] copying package.xml -> /home/meligy198/learning_tf2_py/install/learning_tf2_py/share/learning_tf2_py
[1.340s] running install_egg_info
[1.343s] Copying build/learning_tf2_py/learning_tf2_py.egg-info to /home/meligy198/learning_tf2_py/install/learning_tf2_py/lib/python3.10/site-packages/learning_tf2_py-0.0.0-py3.10.egg-info
[1.345s] running install_scripts
[1.370s] Installing static_turtle_tf2_broadcaster script to /home/meligy198/learning_tf2_py/install/learning_tf2_py/lib/learning_tf2_py
[1.370s] writing list of installed files to '/home/meligy198/learning_tf2_py/build/learning_tf2_py/install.log'
[1.391s] Invoked command in '/home/meligy198/learning_tf2_py' returned '0': PYTHONPATH=/home/meligy198/learning_tf2_py/install/learning_tf2_py/lib/python3.10/site-packages:${PYTHONPATH} /usr/bin/python3 setup.py egg_info --egg-base build/learning_tf2_py build --build-base /home/meligy198/learning_tf2_py/build/learning_tf2_py/build install --prefix /home/meligy198/learning_tf2_py/install/learning_tf2_py --record /home/meligy198/learning_tf2_py/build/learning_tf2_py/install.log --single-version-externally-managed
