[0.171s] DEBUG:colcon:Command line arguments: ['/usr/bin/colcon', 'build', '--packages-select', 'learning_tf2_py']
[0.171s] DEBUG:colcon:Parsed command line arguments: Namespace(log_base=None, log_level=None, verb_name='build', build_base='build', install_base='install', merge_install=False, symlink_install=False, test_result_base=None, continue_on_error=False, executor='parallel', parallel_workers=2, event_handlers=None, ignore_user_meta=False, metas=['./colcon.meta'], base_paths=['.'], packages_ignore=None, packages_ignore_regex=None, paths=None, packages_up_to=None, packages_up_to_regex=None, packages_above=None, packages_above_and_dependencies=None, packages_above_depth=None, packages_select_by_dep=None, packages_skip_by_dep=None, packages_skip_up_to=None, packages_select_build_failed=False, packages_skip_build_finished=False, packages_select_test_failures=False, packages_skip_test_passed=False, packages_select=['learning_tf2_py'], packages_skip=None, packages_select_regex=None, packages_skip_regex=None, packages_start=None, packages_end=None, allow_overriding=[], cmake_args=None, cmake_target=None, cmake_target_skip_unavailable=False, cmake_clean_cache=False, cmake_clean_first=False, cmake_force_configure=False, ament_cmake_args=None, catkin_cmake_args=None, catkin_skip_building_tests=False, verb_parser=<colcon_defaults.argument_parser.defaults.DefaultArgumentsDecorator object at 0x7f87f96592d0>, verb_extension=<colcon_core.verb.build.BuildVerb object at 0x7f87f9658d60>, main=<bound method BuildVerb.main of <colcon_core.verb.build.BuildVerb object at 0x7f87f9658d60>>)
[0.207s] Level 1:colcon.colcon_core.package_discovery:discover_packages(colcon_meta) check parameters
[0.208s] Level 1:colcon.colcon_core.package_discovery:discover_packages(recursive) check parameters
[0.208s] Level 1:colcon.colcon_core.package_discovery:discover_packages(ignore) check parameters
[0.208s] Level 1:colcon.colcon_core.package_discovery:discover_packages(path) check parameters
[0.208s] Level 1:colcon.colcon_core.package_discovery:discover_packages(colcon_meta) discover
[0.208s] Level 1:colcon.colcon_core.package_discovery:discover_packages(recursive) discover
[0.208s] INFO:colcon.colcon_core.package_discovery:Crawling recursively for packages in '/home/meligy198/learning_tf2_py'
[0.208s] Level 1:colcon.colcon_core.package_identification:_identify(.) by extensions ['ignore', 'ignore_ament_install']
[0.209s] Level 1:colcon.colcon_core.package_identification:_identify(.) by extension 'ignore'
[0.209s] Level 1:colcon.colcon_core.package_identification:_identify(.) by extension 'ignore_ament_install'
[0.209s] Level 1:colcon.colcon_core.package_identification:_identify(.) by extensions ['colcon_pkg']
[0.209s] Level 1:colcon.colcon_core.package_identification:_identify(.) by extension 'colcon_pkg'
[0.209s] Level 1:colcon.colcon_core.package_identification:_identify(.) by extensions ['colcon_meta']
[0.210s] Level 1:colcon.colcon_core.package_identification:_identify(.) by extension 'colcon_meta'
[0.210s] Level 1:colcon.colcon_core.package_identification:_identify(.) by extensions ['ros']
[0.210s] Level 1:colcon.colcon_core.package_identification:_identify(.) by extension 'ros'
[0.224s] DEBUG:colcon.colcon_core.package_identification:Package '.' with type 'ros.ament_python' and name 'learning_tf2_py'
[0.224s] Level 1:colcon.colcon_core.package_discovery:discover_packages(recursive) using defaults
[0.224s] Level 1:colcon.colcon_core.package_discovery:discover_packages(ignore) discover
[0.224s] Level 1:colcon.colcon_core.package_discovery:discover_packages(ignore) using defaults
[0.224s] Level 1:colcon.colcon_core.package_discovery:discover_packages(path) discover
[0.224s] Level 1:colcon.colcon_core.package_discovery:discover_packages(path) using defaults
[0.251s] Level 1:colcon.colcon_core.package_discovery:discover_packages(prefix_path) check parameters
[0.251s] Level 1:colcon.colcon_core.package_discovery:discover_packages(prefix_path) discover
[0.258s] DEBUG:colcon.colcon_installed_package_information.package_discovery:Found 29 installed packages in /home/meligy198/ros2_ws2/install
[0.259s] DEBUG:colcon.colcon_installed_package_information.package_discovery:Found 3 installed packages in /home/meligy198/ros2_ws/install
[0.262s] DEBUG:colcon.colcon_installed_package_information.package_discovery:Found 238 installed packages in /opt/ros/humble
[0.263s] Level 1:colcon.colcon_core.package_discovery:discover_packages(prefix_path) using defaults
[0.326s] Level 5:colcon.colcon_core.verb:set package 'learning_tf2_py' build argument 'cmake_args' from command line to 'None'
[0.327s] Level 5:colcon.colcon_core.verb:set package 'learning_tf2_py' build argument 'cmake_target' from command line to 'None'
[0.327s] Level 5:colcon.colcon_core.verb:set package 'learning_tf2_py' build argument 'cmake_target_skip_unavailable' from command line to 'False'
[0.327s] Level 5:colcon.colcon_core.verb:set package 'learning_tf2_py' build argument 'cmake_clean_cache' from command line to 'False'
[0.327s] Level 5:colcon.colcon_core.verb:set package 'learning_tf2_py' build argument 'cmake_clean_first' from command line to 'False'
[0.327s] Level 5:colcon.colcon_core.verb:set package 'learning_tf2_py' build argument 'cmake_force_configure' from command line to 'False'
[0.327s] Level 5:colcon.colcon_core.verb:set package 'learning_tf2_py' build argument 'ament_cmake_args' from command line to 'None'
[0.327s] Level 5:colcon.colcon_core.verb:set package 'learning_tf2_py' build argument 'catkin_cmake_args' from command line to 'None'
[0.327s] Level 5:colcon.colcon_core.verb:set package 'learning_tf2_py' build argument 'catkin_skip_building_tests' from command line to 'False'
[0.328s] DEBUG:colcon.colcon_core.verb:Building package 'learning_tf2_py' with the following arguments: {'ament_cmake_args': None, 'build_base': '/home/meligy198/learning_tf2_py/build/learning_tf2_py', 'catkin_cmake_args': None, 'catkin_skip_building_tests': False, 'cmake_args': None, 'cmake_clean_cache': False, 'cmake_clean_first': False, 'cmake_force_configure': False, 'cmake_target': None, 'cmake_target_skip_unavailable': False, 'install_base': '/home/meligy198/learning_tf2_py/install/learning_tf2_py', 'merge_install': False, 'path': '/home/meligy198/learning_tf2_py', 'symlink_install': False, 'test_result_base': None}
[0.328s] INFO:colcon.colcon_core.executor:Executing jobs using 'parallel' executor
[0.332s] DEBUG:colcon.colcon_parallel_executor.executor.parallel:run_until_complete
[0.333s] INFO:colcon.colcon_ros.task.ament_python.build:Building ROS package in '/home/meligy198/learning_tf2_py' with build type 'ament_python'
[0.333s] Level 1:colcon.colcon_core.shell:create_environment_hook('learning_tf2_py', 'ament_prefix_path')
[0.338s] INFO:colcon.colcon_core.plugin_system:Skipping extension 'colcon_core.shell.bat': Not used on non-Windows systems
[0.339s] INFO:colcon.colcon_core.shell:Creating environment hook '/home/meligy198/learning_tf2_py/install/learning_tf2_py/share/learning_tf2_py/hook/ament_prefix_path.ps1'
[0.340s] INFO:colcon.colcon_core.shell:Creating environment descriptor '/home/meligy198/learning_tf2_py/install/learning_tf2_py/share/learning_tf2_py/hook/ament_prefix_path.dsv'
[0.340s] INFO:colcon.colcon_core.shell:Creating environment hook '/home/meligy198/learning_tf2_py/install/learning_tf2_py/share/learning_tf2_py/hook/ament_prefix_path.sh'
[0.342s] INFO:colcon.colcon_core.shell:Skip shell extension 'powershell' for command environment: Not usable outside of PowerShell
[0.342s] DEBUG:colcon.colcon_core.shell:Skip shell extension 'dsv' for command environment
[0.725s] INFO:colcon.colcon_core.task.python.build:Building Python package in '/home/meligy198/learning_tf2_py'
[0.726s] INFO:colcon.colcon_core.shell:Skip shell extension 'powershell' for command environment: Not usable outside of PowerShell
[0.726s] DEBUG:colcon.colcon_core.shell:Skip shell extension 'dsv' for command environment
[1.249s] DEBUG:colcon.colcon_core.event_handler.log_command:Invoking command in '/home/meligy198/learning_tf2_py': PYTHONPATH=/home/meligy198/learning_tf2_py/install/learning_tf2_py/lib/python3.10/site-packages:${PYTHONPATH} /usr/bin/python3 setup.py egg_info --egg-base build/learning_tf2_py build --build-base /home/meligy198/learning_tf2_py/build/learning_tf2_py/build install --prefix /home/meligy198/learning_tf2_py/install/learning_tf2_py --record /home/meligy198/learning_tf2_py/build/learning_tf2_py/install.log --single-version-externally-managed
[1.728s] Level 1:colcon.colcon_core.environment:checking '/home/meligy198/learning_tf2_py/install/learning_tf2_py' for CMake module files
[1.733s] DEBUG:colcon.colcon_core.event_handler.log_command:Invoked command in '/home/meligy198/learning_tf2_py' returned '0': PYTHONPATH=/home/meligy198/learning_tf2_py/install/learning_tf2_py/lib/python3.10/site-packages:${PYTHONPATH} /usr/bin/python3 setup.py egg_info --egg-base build/learning_tf2_py build --build-base /home/meligy198/learning_tf2_py/build/learning_tf2_py/build install --prefix /home/meligy198/learning_tf2_py/install/learning_tf2_py --record /home/meligy198/learning_tf2_py/build/learning_tf2_py/install.log --single-version-externally-managed
[1.734s] Level 1:colcon.colcon_core.environment:checking '/home/meligy198/learning_tf2_py/install/learning_tf2_py' for CMake config files
[1.735s] Level 1:colcon.colcon_core.environment:checking '/home/meligy198/learning_tf2_py/install/learning_tf2_py/lib'
[1.735s] Level 1:colcon.colcon_core.environment:checking '/home/meligy198/learning_tf2_py/install/learning_tf2_py/bin'
[1.735s] Level 1:colcon.colcon_core.environment:checking '/home/meligy198/learning_tf2_py/install/learning_tf2_py/lib/pkgconfig/learning_tf2_py.pc'
[1.735s] Level 1:colcon.colcon_core.environment:checking '/home/meligy198/learning_tf2_py/install/learning_tf2_py/lib/python3.10/site-packages'
[1.736s] Level 1:colcon.colcon_core.shell:create_environment_hook('learning_tf2_py', 'pythonpath')
[1.737s] INFO:colcon.colcon_core.shell:Creating environment hook '/home/meligy198/learning_tf2_py/install/learning_tf2_py/share/learning_tf2_py/hook/pythonpath.ps1'
[1.737s] INFO:colcon.colcon_core.shell:Creating environment descriptor '/home/meligy198/learning_tf2_py/install/learning_tf2_py/share/learning_tf2_py/hook/pythonpath.dsv'
[1.738s] INFO:colcon.colcon_core.shell:Creating environment hook '/home/meligy198/learning_tf2_py/install/learning_tf2_py/share/learning_tf2_py/hook/pythonpath.sh'
[1.740s] Level 1:colcon.colcon_core.environment:checking '/home/meligy198/learning_tf2_py/install/learning_tf2_py/bin'
[1.740s] Level 1:colcon.colcon_core.environment:create_environment_scripts_only(learning_tf2_py)
[1.741s] INFO:colcon.colcon_core.shell:Creating package script '/home/meligy198/learning_tf2_py/install/learning_tf2_py/share/learning_tf2_py/package.ps1'
[1.742s] INFO:colcon.colcon_core.shell:Creating package descriptor '/home/meligy198/learning_tf2_py/install/learning_tf2_py/share/learning_tf2_py/package.dsv'
[1.743s] INFO:colcon.colcon_core.shell:Creating package script '/home/meligy198/learning_tf2_py/install/learning_tf2_py/share/learning_tf2_py/package.sh'
[1.744s] INFO:colcon.colcon_core.shell:Creating package script '/home/meligy198/learning_tf2_py/install/learning_tf2_py/share/learning_tf2_py/package.bash'
[1.746s] INFO:colcon.colcon_core.shell:Creating package script '/home/meligy198/learning_tf2_py/install/learning_tf2_py/share/learning_tf2_py/package.zsh'
[1.748s] Level 1:colcon.colcon_core.environment:create_file_with_runtime_dependencies(/home/meligy198/learning_tf2_py/install/learning_tf2_py/share/colcon-core/packages/learning_tf2_py)
[1.749s] DEBUG:colcon.colcon_parallel_executor.executor.parallel:closing loop
[1.750s] DEBUG:colcon.colcon_parallel_executor.executor.parallel:loop closed
[1.750s] DEBUG:colcon.colcon_parallel_executor.executor.parallel:run_until_complete finished with '0'
[1.750s] DEBUG:colcon.colcon_core.event_reactor:joining thread
[1.760s] INFO:colcon.colcon_core.plugin_system:Skipping extension 'colcon_notification.desktop_notification.terminal_notifier': Not used on non-Darwin systems
[1.760s] INFO:colcon.colcon_core.plugin_system:Skipping extension 'colcon_notification.desktop_notification.win32': Not used on non-Windows systems
[1.760s] INFO:colcon.colcon_notification.desktop_notification:Sending desktop notification using 'notify2'
[1.779s] DEBUG:colcon.colcon_core.event_reactor:joined thread
[1.780s] INFO:colcon.colcon_core.shell:Creating prefix script '/home/meligy198/learning_tf2_py/install/local_setup.ps1'
[1.781s] INFO:colcon.colcon_core.shell:Creating prefix util module '/home/meligy198/learning_tf2_py/install/_local_setup_util_ps1.py'
[1.782s] INFO:colcon.colcon_core.shell:Creating prefix chain script '/home/meligy198/learning_tf2_py/install/setup.ps1'
[1.789s] INFO:colcon.colcon_core.shell:Creating prefix script '/home/meligy198/learning_tf2_py/install/local_setup.sh'
[1.790s] INFO:colcon.colcon_core.shell:Creating prefix util module '/home/meligy198/learning_tf2_py/install/_local_setup_util_sh.py'
[1.791s] INFO:colcon.colcon_core.shell:Creating prefix chain script '/home/meligy198/learning_tf2_py/install/setup.sh'
[1.800s] INFO:colcon.colcon_core.shell:Creating prefix script '/home/meligy198/learning_tf2_py/install/local_setup.bash'
[1.801s] INFO:colcon.colcon_core.shell:Creating prefix chain script '/home/meligy198/learning_tf2_py/install/setup.bash'
[1.809s] INFO:colcon.colcon_core.shell:Creating prefix script '/home/meligy198/learning_tf2_py/install/local_setup.zsh'
[1.811s] INFO:colcon.colcon_core.shell:Creating prefix chain script '/home/meligy198/learning_tf2_py/install/setup.zsh'
